mode: set
github.com/Jiran03/gudtani/product/domain/mocks/Repository.go:18.74,22.68 3 1
github.com/Jiran03/gudtani/product/domain/mocks/Repository.go:28.2,29.59 2 1
github.com/Jiran03/gudtani/product/domain/mocks/Repository.go:35.2,35.15 1 1
github.com/Jiran03/gudtani/product/domain/mocks/Repository.go:22.68,24.3 1 0
github.com/Jiran03/gudtani/product/domain/mocks/Repository.go:24.8,26.3 1 1
github.com/Jiran03/gudtani/product/domain/mocks/Repository.go:29.59,31.3 1 0
github.com/Jiran03/gudtani/product/domain/mocks/Repository.go:31.8,33.3 1 1
github.com/Jiran03/gudtani/product/domain/mocks/Repository.go:39.44,43.48 3 1
github.com/Jiran03/gudtani/product/domain/mocks/Repository.go:49.2,49.11 1 1
github.com/Jiran03/gudtani/product/domain/mocks/Repository.go:43.48,45.3 1 0
github.com/Jiran03/gudtani/product/domain/mocks/Repository.go:45.8,47.3 1 1
github.com/Jiran03/gudtani/product/domain/mocks/Repository.go:53.55,57.56 3 1
github.com/Jiran03/gudtani/product/domain/mocks/Repository.go:65.2,66.45 2 1
github.com/Jiran03/gudtani/product/domain/mocks/Repository.go:72.2,72.15 1 1
github.com/Jiran03/gudtani/product/domain/mocks/Repository.go:57.56,59.3 1 0
github.com/Jiran03/gudtani/product/domain/mocks/Repository.go:59.8,60.24 1 1
github.com/Jiran03/gudtani/product/domain/mocks/Repository.go:60.24,62.4 1 1
github.com/Jiran03/gudtani/product/domain/mocks/Repository.go:66.45,68.3 1 0
github.com/Jiran03/gudtani/product/domain/mocks/Repository.go:68.8,70.3 1 1
github.com/Jiran03/gudtani/product/domain/mocks/Repository.go:76.63,80.57 3 1
github.com/Jiran03/gudtani/product/domain/mocks/Repository.go:86.2,87.48 2 1
github.com/Jiran03/gudtani/product/domain/mocks/Repository.go:93.2,93.15 1 1
github.com/Jiran03/gudtani/product/domain/mocks/Repository.go:80.57,82.3 1 0
github.com/Jiran03/gudtani/product/domain/mocks/Repository.go:82.8,84.3 1 1
github.com/Jiran03/gudtani/product/domain/mocks/Repository.go:87.48,89.3 1 0
github.com/Jiran03/gudtani/product/domain/mocks/Repository.go:89.8,91.3 1 1
github.com/Jiran03/gudtani/product/domain/mocks/Repository.go:97.82,101.73 3 1
github.com/Jiran03/gudtani/product/domain/mocks/Repository.go:107.2,108.64 2 1
github.com/Jiran03/gudtani/product/domain/mocks/Repository.go:114.2,114.15 1 1
github.com/Jiran03/gudtani/product/domain/mocks/Repository.go:101.73,103.3 1 0
github.com/Jiran03/gudtani/product/domain/mocks/Repository.go:103.8,105.3 1 1
github.com/Jiran03/gudtani/product/domain/mocks/Repository.go:108.64,110.3 1 0
github.com/Jiran03/gudtani/product/domain/mocks/Repository.go:110.8,112.3 1 1
github.com/Jiran03/gudtani/product/domain/mocks/Repository.go:118.46,122.19 3 0
github.com/Jiran03/gudtani/product/domain/mocks/Repository.go:124.2,124.13 1 0
github.com/Jiran03/gudtani/product/domain/mocks/Repository.go:122.19,122.49 1 0
github.com/Jiran03/gudtani/product/service/usecase.go:11.99,14.16 2 1
github.com/Jiran03/gudtani/product/service/usecase.go:18.2,18.24 1 1
github.com/Jiran03/gudtani/product/service/usecase.go:14.16,16.3 1 1
github.com/Jiran03/gudtani/product/service/usecase.go:21.80,24.16 2 1
github.com/Jiran03/gudtani/product/service/usecase.go:28.2,28.24 1 1
github.com/Jiran03/gudtani/product/service/usecase.go:24.16,26.3 1 1
github.com/Jiran03/gudtani/product/service/usecase.go:31.85,34.16 2 1
github.com/Jiran03/gudtani/product/service/usecase.go:38.2,38.24 1 1
github.com/Jiran03/gudtani/product/service/usecase.go:34.16,36.3 1 1
github.com/Jiran03/gudtani/product/service/usecase.go:41.107,44.23 2 1
github.com/Jiran03/gudtani/product/service/usecase.go:48.2,51.16 3 1
github.com/Jiran03/gudtani/product/service/usecase.go:55.2,55.24 1 1
github.com/Jiran03/gudtani/product/service/usecase.go:44.23,46.3 1 0
github.com/Jiran03/gudtani/product/service/usecase.go:51.16,53.3 1 1
github.com/Jiran03/gudtani/product/service/usecase.go:58.57,61.16 2 1
github.com/Jiran03/gudtani/product/service/usecase.go:65.2,65.12 1 1
github.com/Jiran03/gudtani/product/service/usecase.go:61.16,63.3 1 1
github.com/Jiran03/gudtani/product/service/usecase.go:68.63,72.2 1 1
