mode: set
github.com/Jiran03/gudtani/auth/middleware/auth.go:22.51,27.2 1 0
github.com/Jiran03/gudtani/auth/middleware/auth.go:30.57,40.2 4 0
github.com/Jiran03/gudtani/auth/middleware/auth.go:43.49,47.2 3 0
github.com/Jiran03/gudtani/auth/middleware/log.go:8.35,12.2 1 0
github.com/Jiran03/gudtani/user/domain/mocks/Repository.go:18.68,22.62 3 1
github.com/Jiran03/gudtani/user/domain/mocks/Repository.go:28.2,29.56 2 1
github.com/Jiran03/gudtani/user/domain/mocks/Repository.go:35.2,35.15 1 1
github.com/Jiran03/gudtani/user/domain/mocks/Repository.go:22.62,24.3 1 0
github.com/Jiran03/gudtani/user/domain/mocks/Repository.go:24.8,26.3 1 1
github.com/Jiran03/gudtani/user/domain/mocks/Repository.go:29.56,31.3 1 0
github.com/Jiran03/gudtani/user/domain/mocks/Repository.go:31.8,33.3 1 1
github.com/Jiran03/gudtani/user/domain/mocks/Repository.go:39.44,43.48 3 1
github.com/Jiran03/gudtani/user/domain/mocks/Repository.go:49.2,49.11 1 1
github.com/Jiran03/gudtani/user/domain/mocks/Repository.go:43.48,45.3 1 0
github.com/Jiran03/gudtani/user/domain/mocks/Repository.go:45.8,47.3 1 1
github.com/Jiran03/gudtani/user/domain/mocks/Repository.go:53.52,57.53 3 1
github.com/Jiran03/gudtani/user/domain/mocks/Repository.go:65.2,66.45 2 1
github.com/Jiran03/gudtani/user/domain/mocks/Repository.go:72.2,72.15 1 1
github.com/Jiran03/gudtani/user/domain/mocks/Repository.go:57.53,59.3 1 0
github.com/Jiran03/gudtani/user/domain/mocks/Repository.go:59.8,60.24 1 1
github.com/Jiran03/gudtani/user/domain/mocks/Repository.go:60.24,62.4 1 1
github.com/Jiran03/gudtani/user/domain/mocks/Repository.go:66.45,68.3 1 0
github.com/Jiran03/gudtani/user/domain/mocks/Repository.go:68.8,70.3 1 1
github.com/Jiran03/gudtani/user/domain/mocks/Repository.go:76.94,80.65 3 1
github.com/Jiran03/gudtani/user/domain/mocks/Repository.go:86.2,87.59 2 1
github.com/Jiran03/gudtani/user/domain/mocks/Repository.go:93.2,93.15 1 1
github.com/Jiran03/gudtani/user/domain/mocks/Repository.go:80.65,82.3 1 0
github.com/Jiran03/gudtani/user/domain/mocks/Repository.go:82.8,84.3 1 1
github.com/Jiran03/gudtani/user/domain/mocks/Repository.go:87.59,89.3 1 0
github.com/Jiran03/gudtani/user/domain/mocks/Repository.go:89.8,91.3 1 1
github.com/Jiran03/gudtani/user/domain/mocks/Repository.go:97.60,101.54 3 1
github.com/Jiran03/gudtani/user/domain/mocks/Repository.go:107.2,108.48 2 1
github.com/Jiran03/gudtani/user/domain/mocks/Repository.go:114.2,114.15 1 1
github.com/Jiran03/gudtani/user/domain/mocks/Repository.go:101.54,103.3 1 0
github.com/Jiran03/gudtani/user/domain/mocks/Repository.go:103.8,105.3 1 1
github.com/Jiran03/gudtani/user/domain/mocks/Repository.go:108.48,110.3 1 0
github.com/Jiran03/gudtani/user/domain/mocks/Repository.go:110.8,112.3 1 1
github.com/Jiran03/gudtani/user/domain/mocks/Repository.go:118.76,122.67 3 1
github.com/Jiran03/gudtani/user/domain/mocks/Repository.go:128.2,129.61 2 1
github.com/Jiran03/gudtani/user/domain/mocks/Repository.go:135.2,135.15 1 1
github.com/Jiran03/gudtani/user/domain/mocks/Repository.go:122.67,124.3 1 0
github.com/Jiran03/gudtani/user/domain/mocks/Repository.go:124.8,126.3 1 1
github.com/Jiran03/gudtani/user/domain/mocks/Repository.go:129.61,131.3 1 0
github.com/Jiran03/gudtani/user/domain/mocks/Repository.go:131.8,133.3 1 1
github.com/Jiran03/gudtani/user/domain/mocks/Repository.go:139.46,143.19 3 0
github.com/Jiran03/gudtani/user/domain/mocks/Repository.go:145.2,145.13 1 0
github.com/Jiran03/gudtani/user/domain/mocks/Repository.go:143.19,143.49 1 0
github.com/Jiran03/gudtani/user/service/usecase.go:16.85,20.16 2 0
github.com/Jiran03/gudtani/user/service/usecase.go:24.2,26.19 3 0
github.com/Jiran03/gudtani/user/service/usecase.go:20.16,22.3 1 0
github.com/Jiran03/gudtani/user/service/usecase.go:30.87,33.16 2 1
github.com/Jiran03/gudtani/user/service/usecase.go:37.2,37.21 1 1
github.com/Jiran03/gudtani/user/service/usecase.go:33.16,35.3 1 1
github.com/Jiran03/gudtani/user/service/usecase.go:41.95,44.23 2 1
github.com/Jiran03/gudtani/user/service/usecase.go:48.2,51.16 3 1
github.com/Jiran03/gudtani/user/service/usecase.go:55.2,55.21 1 1
github.com/Jiran03/gudtani/user/service/usecase.go:44.23,46.3 1 0
github.com/Jiran03/gudtani/user/service/usecase.go:51.16,53.3 1 1
github.com/Jiran03/gudtani/user/service/usecase.go:58.99,64.16 5 1
github.com/Jiran03/gudtani/user/service/usecase.go:68.2,68.22 1 1
github.com/Jiran03/gudtani/user/service/usecase.go:64.16,66.3 1 1
github.com/Jiran03/gudtani/user/service/usecase.go:71.71,74.16 2 1
github.com/Jiran03/gudtani/user/service/usecase.go:78.2,78.21 1 1
github.com/Jiran03/gudtani/user/service/usecase.go:74.16,76.3 1 1
github.com/Jiran03/gudtani/user/service/usecase.go:81.72,84.16 2 1
github.com/Jiran03/gudtani/user/service/usecase.go:88.2,88.21 1 1
github.com/Jiran03/gudtani/user/service/usecase.go:84.16,86.3 1 1
github.com/Jiran03/gudtani/user/service/usecase.go:92.54,95.20 2 1
github.com/Jiran03/gudtani/user/service/usecase.go:99.2,99.12 1 1
github.com/Jiran03/gudtani/user/service/usecase.go:95.20,97.3 1 1
github.com/Jiran03/gudtani/user/service/usecase.go:103.94,108.2 1 1
