mode: set
github.com/Jiran03/gudtani/warehouse/domain/mocks/Repository.go:18.78,22.72 3 1
github.com/Jiran03/gudtani/warehouse/domain/mocks/Repository.go:28.2,29.61 2 1
github.com/Jiran03/gudtani/warehouse/domain/mocks/Repository.go:35.2,35.15 1 1
github.com/Jiran03/gudtani/warehouse/domain/mocks/Repository.go:22.72,24.3 1 0
github.com/Jiran03/gudtani/warehouse/domain/mocks/Repository.go:24.8,26.3 1 1
github.com/Jiran03/gudtani/warehouse/domain/mocks/Repository.go:29.61,31.3 1 0
github.com/Jiran03/gudtani/warehouse/domain/mocks/Repository.go:31.8,33.3 1 1
github.com/Jiran03/gudtani/warehouse/domain/mocks/Repository.go:39.44,43.48 3 1
github.com/Jiran03/gudtani/warehouse/domain/mocks/Repository.go:49.2,49.11 1 1
github.com/Jiran03/gudtani/warehouse/domain/mocks/Repository.go:43.48,45.3 1 0
github.com/Jiran03/gudtani/warehouse/domain/mocks/Repository.go:45.8,47.3 1 1
github.com/Jiran03/gudtani/warehouse/domain/mocks/Repository.go:53.57,57.58 3 1
github.com/Jiran03/gudtani/warehouse/domain/mocks/Repository.go:65.2,66.45 2 1
github.com/Jiran03/gudtani/warehouse/domain/mocks/Repository.go:72.2,72.15 1 1
github.com/Jiran03/gudtani/warehouse/domain/mocks/Repository.go:57.58,59.3 1 0
github.com/Jiran03/gudtani/warehouse/domain/mocks/Repository.go:59.8,60.24 1 1
github.com/Jiran03/gudtani/warehouse/domain/mocks/Repository.go:60.24,62.4 1 1
github.com/Jiran03/gudtani/warehouse/domain/mocks/Repository.go:66.45,68.3 1 0
github.com/Jiran03/gudtani/warehouse/domain/mocks/Repository.go:68.8,70.3 1 1
github.com/Jiran03/gudtani/warehouse/domain/mocks/Repository.go:76.80,80.64 3 1
github.com/Jiran03/gudtani/warehouse/domain/mocks/Repository.go:88.2,89.51 2 1
github.com/Jiran03/gudtani/warehouse/domain/mocks/Repository.go:95.2,95.15 1 1
github.com/Jiran03/gudtani/warehouse/domain/mocks/Repository.go:80.64,82.3 1 0
github.com/Jiran03/gudtani/warehouse/domain/mocks/Repository.go:82.8,83.24 1 1
github.com/Jiran03/gudtani/warehouse/domain/mocks/Repository.go:83.24,85.4 1 1
github.com/Jiran03/gudtani/warehouse/domain/mocks/Repository.go:89.51,91.3 1 0
github.com/Jiran03/gudtani/warehouse/domain/mocks/Repository.go:91.8,93.3 1 1
github.com/Jiran03/gudtani/warehouse/domain/mocks/Repository.go:99.65,103.59 3 1
github.com/Jiran03/gudtani/warehouse/domain/mocks/Repository.go:109.2,110.48 2 1
github.com/Jiran03/gudtani/warehouse/domain/mocks/Repository.go:116.2,116.15 1 1
github.com/Jiran03/gudtani/warehouse/domain/mocks/Repository.go:103.59,105.3 1 0
github.com/Jiran03/gudtani/warehouse/domain/mocks/Repository.go:105.8,107.3 1 1
github.com/Jiran03/gudtani/warehouse/domain/mocks/Repository.go:110.48,112.3 1 0
github.com/Jiran03/gudtani/warehouse/domain/mocks/Repository.go:112.8,114.3 1 1
github.com/Jiran03/gudtani/warehouse/domain/mocks/Repository.go:120.86,124.77 3 1
github.com/Jiran03/gudtani/warehouse/domain/mocks/Repository.go:130.2,131.66 2 1
github.com/Jiran03/gudtani/warehouse/domain/mocks/Repository.go:137.2,137.15 1 1
github.com/Jiran03/gudtani/warehouse/domain/mocks/Repository.go:124.77,126.3 1 0
github.com/Jiran03/gudtani/warehouse/domain/mocks/Repository.go:126.8,128.3 1 1
github.com/Jiran03/gudtani/warehouse/domain/mocks/Repository.go:131.66,133.3 1 0
github.com/Jiran03/gudtani/warehouse/domain/mocks/Repository.go:133.8,135.3 1 1
github.com/Jiran03/gudtani/warehouse/domain/mocks/Repository.go:141.69,145.53 3 1
github.com/Jiran03/gudtani/warehouse/domain/mocks/Repository.go:151.2,151.11 1 1
github.com/Jiran03/gudtani/warehouse/domain/mocks/Repository.go:145.53,147.3 1 0
github.com/Jiran03/gudtani/warehouse/domain/mocks/Repository.go:147.8,149.3 1 1
github.com/Jiran03/gudtani/warehouse/domain/mocks/Repository.go:155.46,159.19 3 0
github.com/Jiran03/gudtani/warehouse/domain/mocks/Repository.go:161.2,161.13 1 0
github.com/Jiran03/gudtani/warehouse/domain/mocks/Repository.go:159.19,159.49 1 0
github.com/Jiran03/gudtani/warehouse/domain/mocks/Service.go:18.45,22.48 3 0
github.com/Jiran03/gudtani/warehouse/domain/mocks/Service.go:28.2,28.11 1 0
github.com/Jiran03/gudtani/warehouse/domain/mocks/Service.go:22.48,24.3 1 0
github.com/Jiran03/gudtani/warehouse/domain/mocks/Service.go:24.8,26.3 1 0
github.com/Jiran03/gudtani/warehouse/domain/mocks/Service.go:32.61,36.58 3 0
github.com/Jiran03/gudtani/warehouse/domain/mocks/Service.go:44.2,45.45 2 0
github.com/Jiran03/gudtani/warehouse/domain/mocks/Service.go:51.2,51.15 1 0
github.com/Jiran03/gudtani/warehouse/domain/mocks/Service.go:36.58,38.3 1 0
github.com/Jiran03/gudtani/warehouse/domain/mocks/Service.go:38.8,39.24 1 0
github.com/Jiran03/gudtani/warehouse/domain/mocks/Service.go:39.24,41.4 1 0
github.com/Jiran03/gudtani/warehouse/domain/mocks/Service.go:45.45,47.3 1 0
github.com/Jiran03/gudtani/warehouse/domain/mocks/Service.go:47.8,49.3 1 0
github.com/Jiran03/gudtani/warehouse/domain/mocks/Service.go:55.81,59.64 3 0
github.com/Jiran03/gudtani/warehouse/domain/mocks/Service.go:67.2,68.51 2 0
github.com/Jiran03/gudtani/warehouse/domain/mocks/Service.go:74.2,74.15 1 0
github.com/Jiran03/gudtani/warehouse/domain/mocks/Service.go:59.64,61.3 1 0
github.com/Jiran03/gudtani/warehouse/domain/mocks/Service.go:61.8,62.24 1 0
github.com/Jiran03/gudtani/warehouse/domain/mocks/Service.go:62.24,64.4 1 0
github.com/Jiran03/gudtani/warehouse/domain/mocks/Service.go:68.51,70.3 1 0
github.com/Jiran03/gudtani/warehouse/domain/mocks/Service.go:70.8,72.3 1 0
github.com/Jiran03/gudtani/warehouse/domain/mocks/Service.go:78.66,82.59 3 0
github.com/Jiran03/gudtani/warehouse/domain/mocks/Service.go:88.2,89.48 2 0
github.com/Jiran03/gudtani/warehouse/domain/mocks/Service.go:95.2,95.15 1 0
github.com/Jiran03/gudtani/warehouse/domain/mocks/Service.go:82.59,84.3 1 0
github.com/Jiran03/gudtani/warehouse/domain/mocks/Service.go:84.8,86.3 1 0
github.com/Jiran03/gudtani/warehouse/domain/mocks/Service.go:89.48,91.3 1 0
github.com/Jiran03/gudtani/warehouse/domain/mocks/Service.go:91.8,93.3 1 0
github.com/Jiran03/gudtani/warehouse/domain/mocks/Service.go:99.79,103.72 3 0
github.com/Jiran03/gudtani/warehouse/domain/mocks/Service.go:109.2,110.61 2 0
github.com/Jiran03/gudtani/warehouse/domain/mocks/Service.go:116.2,116.15 1 0
github.com/Jiran03/gudtani/warehouse/domain/mocks/Service.go:103.72,105.3 1 0
github.com/Jiran03/gudtani/warehouse/domain/mocks/Service.go:105.8,107.3 1 0
github.com/Jiran03/gudtani/warehouse/domain/mocks/Service.go:110.61,112.3 1 0
github.com/Jiran03/gudtani/warehouse/domain/mocks/Service.go:112.8,114.3 1 0
github.com/Jiran03/gudtani/warehouse/domain/mocks/Service.go:120.87,124.77 3 0
github.com/Jiran03/gudtani/warehouse/domain/mocks/Service.go:130.2,131.66 2 0
github.com/Jiran03/gudtani/warehouse/domain/mocks/Service.go:137.2,137.15 1 0
github.com/Jiran03/gudtani/warehouse/domain/mocks/Service.go:124.77,126.3 1 0
github.com/Jiran03/gudtani/warehouse/domain/mocks/Service.go:126.8,128.3 1 0
github.com/Jiran03/gudtani/warehouse/domain/mocks/Service.go:131.66,133.3 1 0
github.com/Jiran03/gudtani/warehouse/domain/mocks/Service.go:133.8,135.3 1 0
github.com/Jiran03/gudtani/warehouse/domain/mocks/Service.go:141.70,145.53 3 0
github.com/Jiran03/gudtani/warehouse/domain/mocks/Service.go:151.2,151.11 1 0
github.com/Jiran03/gudtani/warehouse/domain/mocks/Service.go:145.53,147.3 1 0
github.com/Jiran03/gudtani/warehouse/domain/mocks/Service.go:147.8,149.3 1 0
github.com/Jiran03/gudtani/warehouse/domain/mocks/Service.go:155.40,159.19 3 0
github.com/Jiran03/gudtani/warehouse/domain/mocks/Service.go:161.2,161.13 1 0
github.com/Jiran03/gudtani/warehouse/domain/mocks/Service.go:159.19,159.49 1 0
github.com/Jiran03/gudtani/warehouse/service/usecase.go:11.107,14.16 2 1
github.com/Jiran03/gudtani/warehouse/service/usecase.go:18.2,18.26 1 1
github.com/Jiran03/gudtani/warehouse/service/usecase.go:14.16,16.3 1 1
github.com/Jiran03/gudtani/warehouse/service/usecase.go:20.86,23.16 2 1
github.com/Jiran03/gudtani/warehouse/service/usecase.go:27.2,27.26 1 1
github.com/Jiran03/gudtani/warehouse/service/usecase.go:23.16,25.3 1 1
github.com/Jiran03/gudtani/warehouse/service/usecase.go:30.91,33.16 2 1
github.com/Jiran03/gudtani/warehouse/service/usecase.go:37.2,37.26 1 1
github.com/Jiran03/gudtani/warehouse/service/usecase.go:33.16,35.3 1 1
github.com/Jiran03/gudtani/warehouse/service/usecase.go:40.106,43.16 2 1
github.com/Jiran03/gudtani/warehouse/service/usecase.go:47.2,47.26 1 1
github.com/Jiran03/gudtani/warehouse/service/usecase.go:43.16,45.3 1 1
github.com/Jiran03/gudtani/warehouse/service/usecase.go:50.115,53.23 2 1
github.com/Jiran03/gudtani/warehouse/service/usecase.go:57.2,60.16 3 1
github.com/Jiran03/gudtani/warehouse/service/usecase.go:64.2,64.26 1 1
github.com/Jiran03/gudtani/warehouse/service/usecase.go:53.23,55.3 1 0
github.com/Jiran03/gudtani/warehouse/service/usecase.go:60.16,62.3 1 1
github.com/Jiran03/gudtani/warehouse/service/usecase.go:67.89,70.16 2 1
github.com/Jiran03/gudtani/warehouse/service/usecase.go:74.2,74.12 1 1
github.com/Jiran03/gudtani/warehouse/service/usecase.go:70.16,72.3 1 1
github.com/Jiran03/gudtani/warehouse/service/usecase.go:77.59,80.16 2 1
github.com/Jiran03/gudtani/warehouse/service/usecase.go:84.2,84.12 1 1
github.com/Jiran03/gudtani/warehouse/service/usecase.go:80.16,82.3 1 1
github.com/Jiran03/gudtani/warehouse/service/usecase.go:87.65,91.2 1 1
