mode: set
github.com/Jiran03/gudhani/rent/service/usecase.go:16.87,19.24 2 1
github.com/Jiran03/gudhani/rent/service/usecase.go:23.2,27.16 3 1
github.com/Jiran03/gudhani/rent/service/usecase.go:31.2,31.73 1 1
github.com/Jiran03/gudhani/rent/service/usecase.go:35.2,39.30 3 1
github.com/Jiran03/gudhani/rent/service/usecase.go:43.2,49.16 5 1
github.com/Jiran03/gudhani/rent/service/usecase.go:54.2,54.21 1 1
github.com/Jiran03/gudhani/rent/service/usecase.go:19.24,21.3 1 0
github.com/Jiran03/gudhani/rent/service/usecase.go:27.16,29.3 1 1
github.com/Jiran03/gudhani/rent/service/usecase.go:31.73,33.3 1 0
github.com/Jiran03/gudhani/rent/service/usecase.go:39.30,41.3 1 0
github.com/Jiran03/gudhani/rent/service/usecase.go:49.16,51.3 1 0
github.com/Jiran03/gudhani/rent/service/usecase.go:56.71,58.16 2 1
github.com/Jiran03/gudhani/rent/service/usecase.go:61.2,61.21 1 1
github.com/Jiran03/gudhani/rent/service/usecase.go:58.16,60.3 1 1
github.com/Jiran03/gudhani/rent/service/usecase.go:64.76,66.16 2 1
github.com/Jiran03/gudhani/rent/service/usecase.go:69.2,69.21 1 1
github.com/Jiran03/gudhani/rent/service/usecase.go:66.16,68.3 1 1
github.com/Jiran03/gudhani/rent/service/usecase.go:72.95,76.23 2 1
github.com/Jiran03/gudhani/rent/service/usecase.go:80.2,84.16 3 1
github.com/Jiran03/gudhani/rent/service/usecase.go:88.2,91.24 3 1
github.com/Jiran03/gudhani/rent/service/usecase.go:96.2,98.30 2 1
github.com/Jiran03/gudhani/rent/service/usecase.go:102.2,105.16 3 1
github.com/Jiran03/gudhani/rent/service/usecase.go:109.2,109.21 1 1
github.com/Jiran03/gudhani/rent/service/usecase.go:76.23,78.3 1 1
github.com/Jiran03/gudhani/rent/service/usecase.go:84.16,86.3 1 0
github.com/Jiran03/gudhani/rent/service/usecase.go:91.24,94.3 2 0
github.com/Jiran03/gudhani/rent/service/usecase.go:98.30,100.3 1 0
github.com/Jiran03/gudhani/rent/service/usecase.go:105.16,107.3 1 0
github.com/Jiran03/gudhani/rent/service/usecase.go:112.54,115.16 2 1
github.com/Jiran03/gudhani/rent/service/usecase.go:119.2,119.12 1 1
github.com/Jiran03/gudhani/rent/service/usecase.go:115.16,117.3 1 1
github.com/Jiran03/gudhani/rent/service/usecase.go:122.88,127.2 1 1
github.com/Jiran03/gudhani/warehouse/domain/mocks/Repository.go:18.78,22.72 3 0
github.com/Jiran03/gudhani/warehouse/domain/mocks/Repository.go:28.2,29.61 2 0
github.com/Jiran03/gudhani/warehouse/domain/mocks/Repository.go:35.2,35.15 1 0
github.com/Jiran03/gudhani/warehouse/domain/mocks/Repository.go:22.72,24.3 1 0
github.com/Jiran03/gudhani/warehouse/domain/mocks/Repository.go:24.8,26.3 1 0
github.com/Jiran03/gudhani/warehouse/domain/mocks/Repository.go:29.61,31.3 1 0
github.com/Jiran03/gudhani/warehouse/domain/mocks/Repository.go:31.8,33.3 1 0
github.com/Jiran03/gudhani/warehouse/domain/mocks/Repository.go:39.44,43.48 3 0
github.com/Jiran03/gudhani/warehouse/domain/mocks/Repository.go:49.2,49.11 1 0
github.com/Jiran03/gudhani/warehouse/domain/mocks/Repository.go:43.48,45.3 1 0
github.com/Jiran03/gudhani/warehouse/domain/mocks/Repository.go:45.8,47.3 1 0
github.com/Jiran03/gudhani/warehouse/domain/mocks/Repository.go:53.57,57.58 3 0
github.com/Jiran03/gudhani/warehouse/domain/mocks/Repository.go:65.2,66.45 2 0
github.com/Jiran03/gudhani/warehouse/domain/mocks/Repository.go:72.2,72.15 1 0
github.com/Jiran03/gudhani/warehouse/domain/mocks/Repository.go:57.58,59.3 1 0
github.com/Jiran03/gudhani/warehouse/domain/mocks/Repository.go:59.8,60.24 1 0
github.com/Jiran03/gudhani/warehouse/domain/mocks/Repository.go:60.24,62.4 1 0
github.com/Jiran03/gudhani/warehouse/domain/mocks/Repository.go:66.45,68.3 1 0
github.com/Jiran03/gudhani/warehouse/domain/mocks/Repository.go:68.8,70.3 1 0
github.com/Jiran03/gudhani/warehouse/domain/mocks/Repository.go:76.80,80.64 3 0
github.com/Jiran03/gudhani/warehouse/domain/mocks/Repository.go:88.2,89.51 2 0
github.com/Jiran03/gudhani/warehouse/domain/mocks/Repository.go:95.2,95.15 1 0
github.com/Jiran03/gudhani/warehouse/domain/mocks/Repository.go:80.64,82.3 1 0
github.com/Jiran03/gudhani/warehouse/domain/mocks/Repository.go:82.8,83.24 1 0
github.com/Jiran03/gudhani/warehouse/domain/mocks/Repository.go:83.24,85.4 1 0
github.com/Jiran03/gudhani/warehouse/domain/mocks/Repository.go:89.51,91.3 1 0
github.com/Jiran03/gudhani/warehouse/domain/mocks/Repository.go:91.8,93.3 1 0
github.com/Jiran03/gudhani/warehouse/domain/mocks/Repository.go:99.65,103.59 3 0
github.com/Jiran03/gudhani/warehouse/domain/mocks/Repository.go:109.2,110.48 2 0
github.com/Jiran03/gudhani/warehouse/domain/mocks/Repository.go:116.2,116.15 1 0
github.com/Jiran03/gudhani/warehouse/domain/mocks/Repository.go:103.59,105.3 1 0
github.com/Jiran03/gudhani/warehouse/domain/mocks/Repository.go:105.8,107.3 1 0
github.com/Jiran03/gudhani/warehouse/domain/mocks/Repository.go:110.48,112.3 1 0
github.com/Jiran03/gudhani/warehouse/domain/mocks/Repository.go:112.8,114.3 1 0
github.com/Jiran03/gudhani/warehouse/domain/mocks/Repository.go:120.86,124.77 3 0
github.com/Jiran03/gudhani/warehouse/domain/mocks/Repository.go:130.2,131.66 2 0
github.com/Jiran03/gudhani/warehouse/domain/mocks/Repository.go:137.2,137.15 1 0
github.com/Jiran03/gudhani/warehouse/domain/mocks/Repository.go:124.77,126.3 1 0
github.com/Jiran03/gudhani/warehouse/domain/mocks/Repository.go:126.8,128.3 1 0
github.com/Jiran03/gudhani/warehouse/domain/mocks/Repository.go:131.66,133.3 1 0
github.com/Jiran03/gudhani/warehouse/domain/mocks/Repository.go:133.8,135.3 1 0
github.com/Jiran03/gudhani/warehouse/domain/mocks/Repository.go:141.69,145.53 3 0
github.com/Jiran03/gudhani/warehouse/domain/mocks/Repository.go:151.2,151.11 1 0
github.com/Jiran03/gudhani/warehouse/domain/mocks/Repository.go:145.53,147.3 1 0
github.com/Jiran03/gudhani/warehouse/domain/mocks/Repository.go:147.8,149.3 1 0
github.com/Jiran03/gudhani/warehouse/domain/mocks/Repository.go:155.46,159.19 3 0
github.com/Jiran03/gudhani/warehouse/domain/mocks/Repository.go:161.2,161.13 1 0
github.com/Jiran03/gudhani/warehouse/domain/mocks/Repository.go:159.19,159.49 1 0
github.com/Jiran03/gudhani/helper/error/func.go:8.34,12.48 2 0
github.com/Jiran03/gudhani/helper/error/func.go:16.2,16.136 1 0
github.com/Jiran03/gudhani/helper/error/func.go:24.2,24.15 1 0
github.com/Jiran03/gudhani/helper/error/func.go:12.48,15.3 1 0
github.com/Jiran03/gudhani/helper/error/func.go:16.136,19.3 1 0
github.com/Jiran03/gudhani/warehouse/domain/mocks/Service.go:18.45,22.48 3 0
github.com/Jiran03/gudhani/warehouse/domain/mocks/Service.go:28.2,28.11 1 0
github.com/Jiran03/gudhani/warehouse/domain/mocks/Service.go:22.48,24.3 1 0
github.com/Jiran03/gudhani/warehouse/domain/mocks/Service.go:24.8,26.3 1 0
github.com/Jiran03/gudhani/warehouse/domain/mocks/Service.go:32.61,36.58 3 0
github.com/Jiran03/gudhani/warehouse/domain/mocks/Service.go:44.2,45.45 2 0
github.com/Jiran03/gudhani/warehouse/domain/mocks/Service.go:51.2,51.15 1 0
github.com/Jiran03/gudhani/warehouse/domain/mocks/Service.go:36.58,38.3 1 0
github.com/Jiran03/gudhani/warehouse/domain/mocks/Service.go:38.8,39.24 1 0
github.com/Jiran03/gudhani/warehouse/domain/mocks/Service.go:39.24,41.4 1 0
github.com/Jiran03/gudhani/warehouse/domain/mocks/Service.go:45.45,47.3 1 0
github.com/Jiran03/gudhani/warehouse/domain/mocks/Service.go:47.8,49.3 1 0
github.com/Jiran03/gudhani/warehouse/domain/mocks/Service.go:55.81,59.64 3 0
github.com/Jiran03/gudhani/warehouse/domain/mocks/Service.go:67.2,68.51 2 0
github.com/Jiran03/gudhani/warehouse/domain/mocks/Service.go:74.2,74.15 1 0
github.com/Jiran03/gudhani/warehouse/domain/mocks/Service.go:59.64,61.3 1 0
github.com/Jiran03/gudhani/warehouse/domain/mocks/Service.go:61.8,62.24 1 0
github.com/Jiran03/gudhani/warehouse/domain/mocks/Service.go:62.24,64.4 1 0
github.com/Jiran03/gudhani/warehouse/domain/mocks/Service.go:68.51,70.3 1 0
github.com/Jiran03/gudhani/warehouse/domain/mocks/Service.go:70.8,72.3 1 0
github.com/Jiran03/gudhani/warehouse/domain/mocks/Service.go:78.66,82.59 3 1
github.com/Jiran03/gudhani/warehouse/domain/mocks/Service.go:88.2,89.48 2 1
github.com/Jiran03/gudhani/warehouse/domain/mocks/Service.go:95.2,95.15 1 1
github.com/Jiran03/gudhani/warehouse/domain/mocks/Service.go:82.59,84.3 1 0
github.com/Jiran03/gudhani/warehouse/domain/mocks/Service.go:84.8,86.3 1 1
github.com/Jiran03/gudhani/warehouse/domain/mocks/Service.go:89.48,91.3 1 0
github.com/Jiran03/gudhani/warehouse/domain/mocks/Service.go:91.8,93.3 1 1
github.com/Jiran03/gudhani/warehouse/domain/mocks/Service.go:99.79,103.72 3 0
github.com/Jiran03/gudhani/warehouse/domain/mocks/Service.go:109.2,110.61 2 0
github.com/Jiran03/gudhani/warehouse/domain/mocks/Service.go:116.2,116.15 1 0
github.com/Jiran03/gudhani/warehouse/domain/mocks/Service.go:103.72,105.3 1 0
github.com/Jiran03/gudhani/warehouse/domain/mocks/Service.go:105.8,107.3 1 0
github.com/Jiran03/gudhani/warehouse/domain/mocks/Service.go:110.61,112.3 1 0
github.com/Jiran03/gudhani/warehouse/domain/mocks/Service.go:112.8,114.3 1 0
github.com/Jiran03/gudhani/warehouse/domain/mocks/Service.go:120.87,124.77 3 0
github.com/Jiran03/gudhani/warehouse/domain/mocks/Service.go:130.2,131.66 2 0
github.com/Jiran03/gudhani/warehouse/domain/mocks/Service.go:137.2,137.15 1 0
github.com/Jiran03/gudhani/warehouse/domain/mocks/Service.go:124.77,126.3 1 0
github.com/Jiran03/gudhani/warehouse/domain/mocks/Service.go:126.8,128.3 1 0
github.com/Jiran03/gudhani/warehouse/domain/mocks/Service.go:131.66,133.3 1 0
github.com/Jiran03/gudhani/warehouse/domain/mocks/Service.go:133.8,135.3 1 0
github.com/Jiran03/gudhani/warehouse/domain/mocks/Service.go:141.70,145.53 3 1
github.com/Jiran03/gudhani/warehouse/domain/mocks/Service.go:151.2,151.11 1 1
github.com/Jiran03/gudhani/warehouse/domain/mocks/Service.go:145.53,147.3 1 0
github.com/Jiran03/gudhani/warehouse/domain/mocks/Service.go:147.8,149.3 1 1
github.com/Jiran03/gudhani/warehouse/domain/mocks/Service.go:155.40,159.19 3 0
github.com/Jiran03/gudhani/warehouse/domain/mocks/Service.go:161.2,161.13 1 0
github.com/Jiran03/gudhani/warehouse/domain/mocks/Service.go:159.19,159.49 1 0
github.com/Jiran03/gudhani/rent/domain/mocks/Repository.go:18.68,22.62 3 1
github.com/Jiran03/gudhani/rent/domain/mocks/Repository.go:28.2,29.56 2 1
github.com/Jiran03/gudhani/rent/domain/mocks/Repository.go:35.2,35.15 1 1
github.com/Jiran03/gudhani/rent/domain/mocks/Repository.go:22.62,24.3 1 0
github.com/Jiran03/gudhani/rent/domain/mocks/Repository.go:24.8,26.3 1 1
github.com/Jiran03/gudhani/rent/domain/mocks/Repository.go:29.56,31.3 1 0
github.com/Jiran03/gudhani/rent/domain/mocks/Repository.go:31.8,33.3 1 1
github.com/Jiran03/gudhani/rent/domain/mocks/Repository.go:39.44,43.48 3 1
github.com/Jiran03/gudhani/rent/domain/mocks/Repository.go:49.2,49.11 1 1
github.com/Jiran03/gudhani/rent/domain/mocks/Repository.go:43.48,45.3 1 0
github.com/Jiran03/gudhani/rent/domain/mocks/Repository.go:45.8,47.3 1 1
github.com/Jiran03/gudhani/rent/domain/mocks/Repository.go:53.52,57.53 3 1
github.com/Jiran03/gudhani/rent/domain/mocks/Repository.go:65.2,66.45 2 1
github.com/Jiran03/gudhani/rent/domain/mocks/Repository.go:72.2,72.15 1 1
github.com/Jiran03/gudhani/rent/domain/mocks/Repository.go:57.53,59.3 1 0
github.com/Jiran03/gudhani/rent/domain/mocks/Repository.go:59.8,60.24 1 1
github.com/Jiran03/gudhani/rent/domain/mocks/Repository.go:60.24,62.4 1 1
github.com/Jiran03/gudhani/rent/domain/mocks/Repository.go:66.45,68.3 1 0
github.com/Jiran03/gudhani/rent/domain/mocks/Repository.go:68.8,70.3 1 1
github.com/Jiran03/gudhani/rent/domain/mocks/Repository.go:76.60,80.54 3 1
github.com/Jiran03/gudhani/rent/domain/mocks/Repository.go:86.2,87.48 2 1
github.com/Jiran03/gudhani/rent/domain/mocks/Repository.go:93.2,93.15 1 1
github.com/Jiran03/gudhani/rent/domain/mocks/Repository.go:80.54,82.3 1 0
github.com/Jiran03/gudhani/rent/domain/mocks/Repository.go:82.8,84.3 1 1
github.com/Jiran03/gudhani/rent/domain/mocks/Repository.go:87.48,89.3 1 0
github.com/Jiran03/gudhani/rent/domain/mocks/Repository.go:89.8,91.3 1 1
github.com/Jiran03/gudhani/rent/domain/mocks/Repository.go:97.76,101.67 3 1
github.com/Jiran03/gudhani/rent/domain/mocks/Repository.go:107.2,108.61 2 1
github.com/Jiran03/gudhani/rent/domain/mocks/Repository.go:114.2,114.15 1 1
github.com/Jiran03/gudhani/rent/domain/mocks/Repository.go:101.67,103.3 1 0
github.com/Jiran03/gudhani/rent/domain/mocks/Repository.go:103.8,105.3 1 1
github.com/Jiran03/gudhani/rent/domain/mocks/Repository.go:108.61,110.3 1 0
github.com/Jiran03/gudhani/rent/domain/mocks/Repository.go:110.8,112.3 1 1
github.com/Jiran03/gudhani/rent/domain/mocks/Repository.go:118.46,122.19 3 0
github.com/Jiran03/gudhani/rent/domain/mocks/Repository.go:124.2,124.13 1 0
github.com/Jiran03/gudhani/rent/domain/mocks/Repository.go:122.19,122.49 1 0
